{"D:\\Development\\Rocketseat\\BootcampGoStack12\\GoBarber\\web\\src\\components\\Button\\index.tsx": {"path":"D:\\Development\\Rocketseat\\BootcampGoStack12\\GoBarber\\web\\src\\components\\Button\\index.tsx","statementMap":{"0":{"start":{"line":8,"column":38},"end":{"line":12,"column":1}},"1":{"start":{"line":9,"column":2},"end":{"line":11,"column":14}}},"fnMap":{"0":{"name":"(anonymous_0)","decl":{"start":{"line":8,"column":38},"end":{"line":8,"column":39}},"loc":{"start":{"line":9,"column":2},"end":{"line":11,"column":14}},"line":9}},"branchMap":{"0":{"loc":{"start":{"line":10,"column":5},"end":{"line":10,"column":38}},"type":"cond-expr","locations":[{"start":{"line":10,"column":15},"end":{"line":10,"column":27}},{"start":{"line":10,"column":30},"end":{"line":10,"column":38}}],"line":10}},"s":{"0":2,"1":6},"f":{"0":6},"b":{"0":[0,6]},"_coverageSchema":"43e27e138ebf9cfc5966b082cf9a028302ed4184","hash":"00214b13e71693714bb6821879ba59ded72dc55e"}
,"D:\\Development\\Rocketseat\\BootcampGoStack12\\GoBarber\\web\\src\\components\\Input\\index.tsx": {"path":"D:\\Development\\Rocketseat\\BootcampGoStack12\\GoBarber\\web\\src\\components\\Input\\index.tsx","statementMap":{"0":{"start":{"line":20,"column":36},"end":{"line":74,"column":1}},"1":{"start":{"line":26,"column":19},"end":{"line":26,"column":49}},"2":{"start":{"line":28,"column":36},"end":{"line":28,"column":51}},"3":{"start":{"line":29,"column":34},"end":{"line":29,"column":49}},"4":{"start":{"line":31,"column":60},"end":{"line":31,"column":74}},"5":{"start":{"line":33,"column":27},"end":{"line":35,"column":8}},"6":{"start":{"line":34,"column":4},"end":{"line":34,"column":23}},"7":{"start":{"line":37,"column":26},"end":{"line":41,"column":8}},"8":{"start":{"line":38,"column":4},"end":{"line":38,"column":24}},"9":{"start":{"line":40,"column":4},"end":{"line":40,"column":43}},"10":{"start":{"line":43,"column":2},"end":{"line":49,"column":33}},"11":{"start":{"line":44,"column":4},"end":{"line":48,"column":7}},"12":{"start":{"line":51,"column":2},"end":{"line":73,"column":4}}},"fnMap":{"0":{"name":"(anonymous_0)","decl":{"start":{"line":20,"column":36},"end":{"line":20,"column":37}},"loc":{"start":{"line":25,"column":6},"end":{"line":74,"column":1}},"line":25},"1":{"name":"(anonymous_1)","decl":{"start":{"line":33,"column":39},"end":{"line":33,"column":40}},"loc":{"start":{"line":33,"column":45},"end":{"line":35,"column":3}},"line":33},"2":{"name":"(anonymous_2)","decl":{"start":{"line":37,"column":38},"end":{"line":37,"column":39}},"loc":{"start":{"line":37,"column":44},"end":{"line":41,"column":3}},"line":37},"3":{"name":"(anonymous_3)","decl":{"start":{"line":43,"column":12},"end":{"line":43,"column":13}},"loc":{"start":{"line":43,"column":18},"end":{"line":49,"column":3}},"line":43}},"branchMap":{"0":{"loc":{"start":{"line":59,"column":7},"end":{"line":59,"column":33}},"type":"binary-expr","locations":[{"start":{"line":59,"column":7},"end":{"line":59,"column":11}},{"start":{"line":59,"column":15},"end":{"line":59,"column":33}}],"line":59},"1":{"loc":{"start":{"line":67,"column":7},"end":{"line":71,"column":7}},"type":"binary-expr","locations":[{"start":{"line":67,"column":7},"end":{"line":67,"column":12}},{"start":{"line":68,"column":8},"end":{"line":70,"column":16}}],"line":67}},"s":{"0":3,"1":40,"2":40,"3":40,"4":40,"5":40,"6":1,"7":40,"8":1,"9":1,"10":40,"11":20,"12":40},"f":{"0":40,"1":1,"2":1,"3":20},"b":{"0":[40,35],"1":[40,2]},"_coverageSchema":"43e27e138ebf9cfc5966b082cf9a028302ed4184","hash":"d79dac7f652f9b994347eecc5f9184a507ff322c"}
,"D:\\Development\\Rocketseat\\BootcampGoStack12\\GoBarber\\web\\src\\components\\ToastContainer\\index.tsx": {"path":"D:\\Development\\Rocketseat\\BootcampGoStack12\\GoBarber\\web\\src\\components\\ToastContainer\\index.tsx","statementMap":{"0":{"start":{"line":13,"column":54},"end":{"line":31,"column":1}},"1":{"start":{"line":14,"column":34},"end":{"line":22,"column":3}},"2":{"start":{"line":16,"column":15},"end":{"line":16,"column":25}},"3":{"start":{"line":23,"column":2},"end":{"line":30,"column":4}},"4":{"start":{"line":26,"column":8},"end":{"line":27,"column":25}}},"fnMap":{"0":{"name":"(anonymous_0)","decl":{"start":{"line":13,"column":54},"end":{"line":13,"column":55}},"loc":{"start":{"line":13,"column":72},"end":{"line":31,"column":1}},"line":13},"1":{"name":"(anonymous_1)","decl":{"start":{"line":16,"column":4},"end":{"line":16,"column":5}},"loc":{"start":{"line":16,"column":15},"end":{"line":16,"column":25}},"line":16},"2":{"name":"(anonymous_2)","decl":{"start":{"line":25,"column":35},"end":{"line":25,"column":36}},"loc":{"start":{"line":26,"column":8},"end":{"line":27,"column":25}},"line":26}},"branchMap":{},"s":{"0":0,"1":0,"2":0,"3":0,"4":0},"f":{"0":0,"1":0,"2":0},"b":{},"hash":"9b0b42b02f848e3f36b5e1c74ad8dccb9b075e77"}
,"D:\\Development\\Rocketseat\\BootcampGoStack12\\GoBarber\\web\\src\\components\\ToastContainer\\Toast\\index.tsx": {"path":"D:\\Development\\Rocketseat\\BootcampGoStack12\\GoBarber\\web\\src\\components\\ToastContainer\\Toast\\index.tsx","statementMap":{"0":{"start":{"line":18,"column":14},"end":{"line":22,"column":1}},"1":{"start":{"line":24,"column":36},"end":{"line":55,"column":1}},"2":{"start":{"line":25,"column":26},"end":{"line":25,"column":36}},"3":{"start":{"line":27,"column":2},"end":{"line":35,"column":32}},"4":{"start":{"line":28,"column":18},"end":{"line":30,"column":12}},"5":{"start":{"line":29,"column":6},"end":{"line":29,"column":30}},"6":{"start":{"line":32,"column":4},"end":{"line":34,"column":6}},"7":{"start":{"line":33,"column":6},"end":{"line":33,"column":26}},"8":{"start":{"line":37,"column":2},"end":{"line":54,"column":4}},"9":{"start":{"line":50,"column":29},"end":{"line":50,"column":52}}},"fnMap":{"0":{"name":"(anonymous_0)","decl":{"start":{"line":24,"column":36},"end":{"line":24,"column":37}},"loc":{"start":{"line":24,"column":60},"end":{"line":55,"column":1}},"line":24},"1":{"name":"(anonymous_1)","decl":{"start":{"line":27,"column":12},"end":{"line":27,"column":13}},"loc":{"start":{"line":27,"column":18},"end":{"line":35,"column":3}},"line":27},"2":{"name":"(anonymous_2)","decl":{"start":{"line":28,"column":29},"end":{"line":28,"column":30}},"loc":{"start":{"line":28,"column":35},"end":{"line":30,"column":5}},"line":28},"3":{"name":"(anonymous_3)","decl":{"start":{"line":32,"column":11},"end":{"line":32,"column":12}},"loc":{"start":{"line":32,"column":17},"end":{"line":34,"column":5}},"line":32},"4":{"name":"(anonymous_4)","decl":{"start":{"line":50,"column":23},"end":{"line":50,"column":24}},"loc":{"start":{"line":50,"column":29},"end":{"line":50,"column":52}},"line":50}},"branchMap":{"0":{"loc":{"start":{"line":43,"column":13},"end":{"line":43,"column":35}},"type":"binary-expr","locations":[{"start":{"line":43,"column":13},"end":{"line":43,"column":25}},{"start":{"line":43,"column":29},"end":{"line":43,"column":35}}],"line":43},"1":{"loc":{"start":{"line":47,"column":9},"end":{"line":47,"column":60}},"type":"binary-expr","locations":[{"start":{"line":47,"column":9},"end":{"line":47,"column":28}},{"start":{"line":47,"column":32},"end":{"line":47,"column":60}}],"line":47}},"s":{"0":0,"1":0,"2":0,"3":0,"4":0,"5":0,"6":0,"7":0,"8":0,"9":0},"f":{"0":0,"1":0,"2":0,"3":0,"4":0},"b":{"0":[0,0],"1":[0,0]},"hash":"f41c5be3772859801fb2c1fe346ae2bc5947ee01"}
,"D:\\Development\\Rocketseat\\BootcampGoStack12\\GoBarber\\web\\src\\components\\Tooltip\\index.tsx": {"path":"D:\\Development\\Rocketseat\\BootcampGoStack12\\GoBarber\\web\\src\\components\\Tooltip\\index.tsx","statementMap":{"0":{"start":{"line":10,"column":40},"end":{"line":17,"column":1}},"1":{"start":{"line":11,"column":2},"end":{"line":16,"column":3}}},"fnMap":{"0":{"name":"(anonymous_0)","decl":{"start":{"line":10,"column":40},"end":{"line":10,"column":41}},"loc":{"start":{"line":10,"column":76},"end":{"line":17,"column":1}},"line":10}},"branchMap":{},"s":{"0":3,"1":2},"f":{"0":2},"b":{},"_coverageSchema":"43e27e138ebf9cfc5966b082cf9a028302ed4184","hash":"c26691402216a8f655c5da9a8205a20e18eaef34"}
,"D:\\Development\\Rocketseat\\BootcampGoStack12\\GoBarber\\web\\src\\hooks\\auth.tsx": {"path":"D:\\Development\\Rocketseat\\BootcampGoStack12\\GoBarber\\web\\src\\hooks\\auth.tsx","statementMap":{"0":{"start":{"line":28,"column":20},"end":{"line":28,"column":73}},"1":{"start":{"line":30,"column":31},"end":{"line":86,"column":1}},"2":{"start":{"line":31,"column":26},"end":{"line":42,"column":4}},"3":{"start":{"line":32,"column":18},"end":{"line":32,"column":57}},"4":{"start":{"line":33,"column":17},"end":{"line":33,"column":55}},"5":{"start":{"line":35,"column":4},"end":{"line":39,"column":5}},"6":{"start":{"line":36,"column":6},"end":{"line":36,"column":61}},"7":{"start":{"line":38,"column":6},"end":{"line":38,"column":47}},"8":{"start":{"line":41,"column":4},"end":{"line":41,"column":27}},"9":{"start":{"line":44,"column":17},"end":{"line":58,"column":8}},"10":{"start":{"line":45,"column":21},"end":{"line":48,"column":6}},"11":{"start":{"line":50,"column":28},"end":{"line":50,"column":41}},"12":{"start":{"line":52,"column":4},"end":{"line":52,"column":51}},"13":{"start":{"line":53,"column":4},"end":{"line":53,"column":65}},"14":{"start":{"line":55,"column":4},"end":{"line":55,"column":59}},"15":{"start":{"line":57,"column":4},"end":{"line":57,"column":29}},"16":{"start":{"line":60,"column":18},"end":{"line":65,"column":8}},"17":{"start":{"line":61,"column":4},"end":{"line":61,"column":47}},"18":{"start":{"line":62,"column":4},"end":{"line":62,"column":46}},"19":{"start":{"line":64,"column":4},"end":{"line":64,"column":29}},"20":{"start":{"line":67,"column":21},"end":{"line":77,"column":3}},"21":{"start":{"line":69,"column":6},"end":{"line":69,"column":67}},"22":{"start":{"line":71,"column":6},"end":{"line":74,"column":9}},"23":{"start":{"line":79,"column":2},"end":{"line":85,"column":4}},"24":{"start":{"line":89,"column":18},"end":{"line":89,"column":41}},"25":{"start":{"line":91,"column":2},"end":{"line":91,"column":17}}},"fnMap":{"0":{"name":"(anonymous_0)","decl":{"start":{"line":30,"column":31},"end":{"line":30,"column":32}},"loc":{"start":{"line":30,"column":49},"end":{"line":86,"column":1}},"line":30},"1":{"name":"(anonymous_1)","decl":{"start":{"line":31,"column":46},"end":{"line":31,"column":47}},"loc":{"start":{"line":31,"column":52},"end":{"line":42,"column":3}},"line":31},"2":{"name":"(anonymous_2)","decl":{"start":{"line":44,"column":29},"end":{"line":44,"column":30}},"loc":{"start":{"line":44,"column":60},"end":{"line":58,"column":3}},"line":44},"3":{"name":"(anonymous_3)","decl":{"start":{"line":60,"column":30},"end":{"line":60,"column":31}},"loc":{"start":{"line":60,"column":36},"end":{"line":65,"column":3}},"line":60},"4":{"name":"(anonymous_4)","decl":{"start":{"line":68,"column":4},"end":{"line":68,"column":5}},"loc":{"start":{"line":68,"column":20},"end":{"line":75,"column":5}},"line":68},"5":{"name":"useAuth","decl":{"start":{"line":88,"column":9},"end":{"line":88,"column":16}},"loc":{"start":{"line":88,"column":36},"end":{"line":92,"column":1}},"line":88}},"branchMap":{"0":{"loc":{"start":{"line":35,"column":4},"end":{"line":39,"column":5}},"type":"if","locations":[{"start":{"line":35,"column":4},"end":{"line":39,"column":5}},{"start":{"line":35,"column":4},"end":{"line":39,"column":5}}],"line":35},"1":{"loc":{"start":{"line":35,"column":8},"end":{"line":35,"column":21}},"type":"binary-expr","locations":[{"start":{"line":35,"column":8},"end":{"line":35,"column":13}},{"start":{"line":35,"column":17},"end":{"line":35,"column":21}}],"line":35}},"s":{"0":1,"1":1,"2":7,"3":4,"4":4,"5":4,"6":3,"7":3,"8":1,"9":7,"10":1,"11":1,"12":1,"13":1,"14":1,"15":1,"16":7,"17":1,"18":1,"19":1,"20":7,"21":1,"22":1,"23":7,"24":7,"25":7},"f":{"0":7,"1":4,"2":1,"3":1,"4":1,"5":7},"b":{"0":[3,1],"1":[4,3]},"_coverageSchema":"43e27e138ebf9cfc5966b082cf9a028302ed4184","hash":"f5caa9b4853bff71f9d05985462e06ef72dd121f"}
,"D:\\Development\\Rocketseat\\BootcampGoStack12\\GoBarber\\web\\src\\hooks\\toast.tsx": {"path":"D:\\Development\\Rocketseat\\BootcampGoStack12\\GoBarber\\web\\src\\hooks\\toast.tsx","statementMap":{"0":{"start":{"line":18,"column":21},"end":{"line":18,"column":76}},"1":{"start":{"line":20,"column":32},"end":{"line":45,"column":1}},"2":{"start":{"line":21,"column":34},"end":{"line":21,"column":62}},"3":{"start":{"line":23,"column":19},"end":{"line":34,"column":8}},"4":{"start":{"line":24,"column":15},"end":{"line":24,"column":21}},"5":{"start":{"line":26,"column":18},"end":{"line":31,"column":5}},"6":{"start":{"line":33,"column":4},"end":{"line":33,"column":44}},"7":{"start":{"line":33,"column":25},"end":{"line":33,"column":42}},"8":{"start":{"line":36,"column":22},"end":{"line":38,"column":8}},"9":{"start":{"line":37,"column":6},"end":{"line":37,"column":71}},"10":{"start":{"line":37,"column":27},"end":{"line":37,"column":69}},"11":{"start":{"line":37,"column":51},"end":{"line":37,"column":68}},"12":{"start":{"line":39,"column":2},"end":{"line":44,"column":4}},"13":{"start":{"line":48,"column":18},"end":{"line":48,"column":42}},"14":{"start":{"line":50,"column":2},"end":{"line":52,"column":3}},"15":{"start":{"line":51,"column":4},"end":{"line":51,"column":68}},"16":{"start":{"line":54,"column":2},"end":{"line":54,"column":17}}},"fnMap":{"0":{"name":"(anonymous_0)","decl":{"start":{"line":20,"column":32},"end":{"line":20,"column":33}},"loc":{"start":{"line":20,"column":50},"end":{"line":45,"column":1}},"line":20},"1":{"name":"(anonymous_1)","decl":{"start":{"line":23,"column":31},"end":{"line":23,"column":32}},"loc":{"start":{"line":23,"column":91},"end":{"line":34,"column":3}},"line":23},"2":{"name":"(anonymous_2)","decl":{"start":{"line":33,"column":16},"end":{"line":33,"column":17}},"loc":{"start":{"line":33,"column":25},"end":{"line":33,"column":42}},"line":33},"3":{"name":"(anonymous_3)","decl":{"start":{"line":36,"column":34},"end":{"line":36,"column":35}},"loc":{"start":{"line":36,"column":50},"end":{"line":38,"column":3}},"line":36},"4":{"name":"(anonymous_4)","decl":{"start":{"line":37,"column":18},"end":{"line":37,"column":19}},"loc":{"start":{"line":37,"column":27},"end":{"line":37,"column":69}},"line":37},"5":{"name":"(anonymous_5)","decl":{"start":{"line":37,"column":40},"end":{"line":37,"column":41}},"loc":{"start":{"line":37,"column":51},"end":{"line":37,"column":68}},"line":37},"6":{"name":"useToast","decl":{"start":{"line":47,"column":9},"end":{"line":47,"column":17}},"loc":{"start":{"line":47,"column":20},"end":{"line":55,"column":1}},"line":47}},"branchMap":{"0":{"loc":{"start":{"line":50,"column":2},"end":{"line":52,"column":3}},"type":"if","locations":[{"start":{"line":50,"column":2},"end":{"line":52,"column":3}},{"start":{"line":50,"column":2},"end":{"line":52,"column":3}}],"line":50}},"s":{"0":0,"1":0,"2":0,"3":0,"4":0,"5":0,"6":0,"7":0,"8":0,"9":0,"10":0,"11":0,"12":0,"13":0,"14":0,"15":0,"16":0},"f":{"0":0,"1":0,"2":0,"3":0,"4":0,"5":0,"6":0},"b":{"0":[0,0]},"hash":"3a278832b6a0e788a154ce52574cbe8839ecee28"}
,"D:\\Development\\Rocketseat\\BootcampGoStack12\\GoBarber\\web\\src\\pages\\Dashboard\\index.tsx": {"path":"D:\\Development\\Rocketseat\\BootcampGoStack12\\GoBarber\\web\\src\\pages\\Dashboard\\index.tsx","statementMap":{"0":{"start":{"line":41,"column":28},"end":{"line":261,"column":1}},"1":{"start":{"line":42,"column":28},"end":{"line":42,"column":37}},"2":{"start":{"line":44,"column":42},"end":{"line":44,"column":62}},"3":{"start":{"line":45,"column":42},"end":{"line":45,"column":62}},"4":{"start":{"line":47,"column":52},"end":{"line":49,"column":7}},"5":{"start":{"line":51,"column":42},"end":{"line":51,"column":69}},"6":{"start":{"line":53,"column":27},"end":{"line":57,"column":8}},"7":{"start":{"line":54,"column":4},"end":{"line":56,"column":5}},"8":{"start":{"line":55,"column":6},"end":{"line":55,"column":27}},"9":{"start":{"line":59,"column":28},"end":{"line":61,"column":8}},"10":{"start":{"line":60,"column":4},"end":{"line":60,"column":27}},"11":{"start":{"line":63,"column":2},"end":{"line":74,"column":30}},"12":{"start":{"line":64,"column":4},"end":{"line":73,"column":9}},"13":{"start":{"line":72,"column":8},"end":{"line":72,"column":44}},"14":{"start":{"line":76,"column":2},"end":{"line":94,"column":21}},"15":{"start":{"line":77,"column":4},"end":{"line":93,"column":9}},"16":{"start":{"line":86,"column":38},"end":{"line":91,"column":10}},"17":{"start":{"line":87,"column":10},"end":{"line":90,"column":12}},"18":{"start":{"line":92,"column":8},"end":{"line":92,"column":47}},"19":{"start":{"line":96,"column":23},"end":{"line":107,"column":39}},"20":{"start":{"line":97,"column":18},"end":{"line":104,"column":8}},"21":{"start":{"line":98,"column":26},"end":{"line":98,"column":54}},"22":{"start":{"line":100,"column":21},"end":{"line":100,"column":47}},"23":{"start":{"line":101,"column":22},"end":{"line":101,"column":45}},"24":{"start":{"line":103,"column":8},"end":{"line":103,"column":51}},"25":{"start":{"line":106,"column":4},"end":{"line":106,"column":17}},"26":{"start":{"line":109,"column":29},"end":{"line":113,"column":20}},"27":{"start":{"line":110,"column":4},"end":{"line":112,"column":7}},"28":{"start":{"line":115,"column":26},"end":{"line":119,"column":20}},"29":{"start":{"line":116,"column":4},"end":{"line":118,"column":7}},"30":{"start":{"line":121,"column":30},"end":{"line":125,"column":20}},"31":{"start":{"line":122,"column":4},"end":{"line":124,"column":7}},"32":{"start":{"line":123,"column":6},"end":{"line":123,"column":56}},"33":{"start":{"line":127,"column":32},"end":{"line":131,"column":20}},"34":{"start":{"line":128,"column":4},"end":{"line":130,"column":7}},"35":{"start":{"line":129,"column":6},"end":{"line":129,"column":57}},"36":{"start":{"line":133,"column":26},"end":{"line":137,"column":20}},"37":{"start":{"line":134,"column":4},"end":{"line":136,"column":6}},"38":{"start":{"line":135,"column":6},"end":{"line":135,"column":53}},"39":{"start":{"line":139,"column":2},"end":{"line":260,"column":4}},"40":{"start":{"line":191,"column":14},"end":{"line":203,"column":28}},"41":{"start":{"line":214,"column":14},"end":{"line":226,"column":28}}},"fnMap":{"0":{"name":"(anonymous_0)","decl":{"start":{"line":41,"column":28},"end":{"line":41,"column":29}},"loc":{"start":{"line":41,"column":34},"end":{"line":261,"column":1}},"line":41},"1":{"name":"(anonymous_1)","decl":{"start":{"line":53,"column":39},"end":{"line":53,"column":40}},"loc":{"start":{"line":53,"column":79},"end":{"line":57,"column":3}},"line":53},"2":{"name":"(anonymous_2)","decl":{"start":{"line":59,"column":40},"end":{"line":59,"column":41}},"loc":{"start":{"line":59,"column":57},"end":{"line":61,"column":3}},"line":59},"3":{"name":"(anonymous_3)","decl":{"start":{"line":63,"column":12},"end":{"line":63,"column":13}},"loc":{"start":{"line":63,"column":18},"end":{"line":74,"column":3}},"line":63},"4":{"name":"(anonymous_4)","decl":{"start":{"line":71,"column":12},"end":{"line":71,"column":13}},"loc":{"start":{"line":71,"column":24},"end":{"line":73,"column":7}},"line":71},"5":{"name":"(anonymous_5)","decl":{"start":{"line":76,"column":12},"end":{"line":76,"column":13}},"loc":{"start":{"line":76,"column":18},"end":{"line":94,"column":3}},"line":76},"6":{"name":"(anonymous_6)","decl":{"start":{"line":85,"column":12},"end":{"line":85,"column":13}},"loc":{"start":{"line":85,"column":24},"end":{"line":93,"column":7}},"line":85},"7":{"name":"(anonymous_7)","decl":{"start":{"line":86,"column":56},"end":{"line":86,"column":57}},"loc":{"start":{"line":86,"column":71},"end":{"line":91,"column":9}},"line":86},"8":{"name":"(anonymous_8)","decl":{"start":{"line":96,"column":31},"end":{"line":96,"column":32}},"loc":{"start":{"line":96,"column":37},"end":{"line":107,"column":3}},"line":96},"9":{"name":"(anonymous_9)","decl":{"start":{"line":98,"column":14},"end":{"line":98,"column":15}},"loc":{"start":{"line":98,"column":26},"end":{"line":98,"column":54}},"line":98},"10":{"name":"(anonymous_10)","decl":{"start":{"line":99,"column":11},"end":{"line":99,"column":12}},"loc":{"start":{"line":99,"column":23},"end":{"line":104,"column":7}},"line":99},"11":{"name":"(anonymous_11)","decl":{"start":{"line":109,"column":37},"end":{"line":109,"column":38}},"loc":{"start":{"line":109,"column":43},"end":{"line":113,"column":3}},"line":109},"12":{"name":"(anonymous_12)","decl":{"start":{"line":115,"column":34},"end":{"line":115,"column":35}},"loc":{"start":{"line":115,"column":40},"end":{"line":119,"column":3}},"line":115},"13":{"name":"(anonymous_13)","decl":{"start":{"line":121,"column":38},"end":{"line":121,"column":39}},"loc":{"start":{"line":121,"column":44},"end":{"line":125,"column":3}},"line":121},"14":{"name":"(anonymous_14)","decl":{"start":{"line":122,"column":31},"end":{"line":122,"column":32}},"loc":{"start":{"line":122,"column":46},"end":{"line":124,"column":5}},"line":122},"15":{"name":"(anonymous_15)","decl":{"start":{"line":127,"column":40},"end":{"line":127,"column":41}},"loc":{"start":{"line":127,"column":46},"end":{"line":131,"column":3}},"line":127},"16":{"name":"(anonymous_16)","decl":{"start":{"line":128,"column":31},"end":{"line":128,"column":32}},"loc":{"start":{"line":128,"column":46},"end":{"line":130,"column":5}},"line":128},"17":{"name":"(anonymous_17)","decl":{"start":{"line":133,"column":34},"end":{"line":133,"column":35}},"loc":{"start":{"line":133,"column":40},"end":{"line":137,"column":3}},"line":133},"18":{"name":"(anonymous_18)","decl":{"start":{"line":134,"column":29},"end":{"line":134,"column":30}},"loc":{"start":{"line":135,"column":6},"end":{"line":135,"column":53}},"line":135},"19":{"name":"(anonymous_19)","decl":{"start":{"line":190,"column":37},"end":{"line":190,"column":38}},"loc":{"start":{"line":191,"column":14},"end":{"line":203,"column":28}},"line":191},"20":{"name":"(anonymous_20)","decl":{"start":{"line":213,"column":39},"end":{"line":213,"column":40}},"loc":{"start":{"line":214,"column":14},"end":{"line":226,"column":28}},"line":214}},"branchMap":{"0":{"loc":{"start":{"line":54,"column":4},"end":{"line":56,"column":5}},"type":"if","locations":[{"start":{"line":54,"column":4},"end":{"line":56,"column":5}},{"start":{"line":54,"column":4},"end":{"line":56,"column":5}}],"line":54},"1":{"loc":{"start":{"line":54,"column":8},"end":{"line":54,"column":50}},"type":"binary-expr","locations":[{"start":{"line":54,"column":8},"end":{"line":54,"column":27}},{"start":{"line":54,"column":31},"end":{"line":54,"column":50}}],"line":54},"2":{"loc":{"start":{"line":163,"column":13},"end":{"line":163,"column":55}},"type":"binary-expr","locations":[{"start":{"line":163,"column":13},"end":{"line":163,"column":34}},{"start":{"line":163,"column":38},"end":{"line":163,"column":55}}],"line":163},"3":{"loc":{"start":{"line":167,"column":11},"end":{"line":182,"column":11}},"type":"binary-expr","locations":[{"start":{"line":167,"column":11},"end":{"line":167,"column":32}},{"start":{"line":167,"column":36},"end":{"line":167,"column":51}},{"start":{"line":168,"column":12},"end":{"line":181,"column":30}}],"line":167},"4":{"loc":{"start":{"line":186,"column":13},"end":{"line":188,"column":13}},"type":"binary-expr","locations":[{"start":{"line":186,"column":13},"end":{"line":186,"column":45}},{"start":{"line":187,"column":14},"end":{"line":187,"column":64}}],"line":186},"5":{"loc":{"start":{"line":209,"column":13},"end":{"line":211,"column":13}},"type":"binary-expr","locations":[{"start":{"line":209,"column":13},"end":{"line":209,"column":47}},{"start":{"line":210,"column":14},"end":{"line":210,"column":64}}],"line":209}},"s":{"0":0,"1":0,"2":0,"3":0,"4":0,"5":0,"6":0,"7":0,"8":0,"9":0,"10":0,"11":0,"12":0,"13":0,"14":0,"15":0,"16":0,"17":0,"18":0,"19":0,"20":0,"21":0,"22":0,"23":0,"24":0,"25":0,"26":0,"27":0,"28":0,"29":0,"30":0,"31":0,"32":0,"33":0,"34":0,"35":0,"36":0,"37":0,"38":0,"39":0,"40":0,"41":0},"f":{"0":0,"1":0,"2":0,"3":0,"4":0,"5":0,"6":0,"7":0,"8":0,"9":0,"10":0,"11":0,"12":0,"13":0,"14":0,"15":0,"16":0,"17":0,"18":0,"19":0,"20":0},"b":{"0":[0,0],"1":[0,0],"2":[0,0],"3":[0,0,0],"4":[0,0],"5":[0,0]},"hash":"f4ee76caec3bb188955b61bcb47f6ada683acdaa"}
,"D:\\Development\\Rocketseat\\BootcampGoStack12\\GoBarber\\web\\src\\pages\\ForgotPassword\\index.tsx": {"path":"D:\\Development\\Rocketseat\\BootcampGoStack12\\GoBarber\\web\\src\\pages\\ForgotPassword\\index.tsx","statementMap":{"0":{"start":{"line":23,"column":33},"end":{"line":106,"column":1}},"1":{"start":{"line":24,"column":32},"end":{"line":24,"column":47}},"2":{"start":{"line":25,"column":18},"end":{"line":25,"column":43}},"3":{"start":{"line":27,"column":23},"end":{"line":27,"column":33}},"4":{"start":{"line":29,"column":23},"end":{"line":74,"column":3}},"5":{"start":{"line":31,"column":6},"end":{"line":71,"column":7}},"6":{"start":{"line":32,"column":8},"end":{"line":32,"column":25}},"7":{"start":{"line":34,"column":8},"end":{"line":34,"column":39}},"8":{"start":{"line":36,"column":23},"end":{"line":40,"column":10}},"9":{"start":{"line":42,"column":8},"end":{"line":44,"column":11}},"10":{"start":{"line":46,"column":8},"end":{"line":48,"column":11}},"11":{"start":{"line":50,"column":8},"end":{"line":54,"column":11}},"12":{"start":{"line":56,"column":8},"end":{"line":61,"column":9}},"13":{"start":{"line":57,"column":25},"end":{"line":57,"column":49}},"14":{"start":{"line":58,"column":10},"end":{"line":58,"column":45}},"15":{"start":{"line":60,"column":10},"end":{"line":60,"column":17}},"16":{"start":{"line":63,"column":8},"end":{"line":68,"column":11}},"17":{"start":{"line":70,"column":8},"end":{"line":70,"column":26}},"18":{"start":{"line":76,"column":2},"end":{"line":105,"column":4}}},"fnMap":{"0":{"name":"(anonymous_0)","decl":{"start":{"line":23,"column":33},"end":{"line":23,"column":34}},"loc":{"start":{"line":23,"column":39},"end":{"line":106,"column":1}},"line":23},"1":{"name":"(anonymous_1)","decl":{"start":{"line":30,"column":4},"end":{"line":30,"column":5}},"loc":{"start":{"line":30,"column":44},"end":{"line":72,"column":5}},"line":30}},"branchMap":{"0":{"loc":{"start":{"line":56,"column":8},"end":{"line":61,"column":9}},"type":"if","locations":[{"start":{"line":56,"column":8},"end":{"line":61,"column":9}},{"start":{"line":56,"column":8},"end":{"line":61,"column":9}}],"line":56}},"s":{"0":0,"1":0,"2":0,"3":0,"4":0,"5":0,"6":0,"7":0,"8":0,"9":0,"10":0,"11":0,"12":0,"13":0,"14":0,"15":0,"16":0,"17":0,"18":0},"f":{"0":0,"1":0},"b":{"0":[0,0]},"hash":"31f9216bf9eab6e527214e5cfcf6530a64799876"}
,"D:\\Development\\Rocketseat\\BootcampGoStack12\\GoBarber\\web\\src\\pages\\Profile\\index.tsx": {"path":"D:\\Development\\Rocketseat\\BootcampGoStack12\\GoBarber\\web\\src\\pages\\Profile\\index.tsx","statementMap":{"0":{"start":{"line":25,"column":26},"end":{"line":188,"column":1}},"1":{"start":{"line":26,"column":18},"end":{"line":26,"column":43}},"2":{"start":{"line":27,"column":23},"end":{"line":27,"column":33}},"3":{"start":{"line":28,"column":18},"end":{"line":28,"column":30}},"4":{"start":{"line":30,"column":31},"end":{"line":30,"column":40}},"5":{"start":{"line":32,"column":23},"end":{"line":106,"column":3}},"6":{"start":{"line":34,"column":6},"end":{"line":103,"column":7}},"7":{"start":{"line":35,"column":8},"end":{"line":35,"column":39}},"8":{"start":{"line":37,"column":23},"end":{"line":55,"column":10}},"9":{"start":{"line":44,"column":23},"end":{"line":44,"column":35}},"10":{"start":{"line":50,"column":25},"end":{"line":50,"column":37}},"11":{"start":{"line":57,"column":8},"end":{"line":59,"column":11}},"12":{"start":{"line":67,"column":12},"end":{"line":67,"column":16}},"13":{"start":{"line":69,"column":25},"end":{"line":75,"column":9}},"14":{"start":{"line":77,"column":25},"end":{"line":77,"column":60}},"15":{"start":{"line":79,"column":8},"end":{"line":79,"column":34}},"16":{"start":{"line":81,"column":8},"end":{"line":81,"column":35}},"17":{"start":{"line":83,"column":8},"end":{"line":88,"column":11}},"18":{"start":{"line":90,"column":8},"end":{"line":96,"column":9}},"19":{"start":{"line":91,"column":25},"end":{"line":91,"column":49}},"20":{"start":{"line":93,"column":10},"end":{"line":93,"column":45}},"21":{"start":{"line":95,"column":10},"end":{"line":95,"column":17}},"22":{"start":{"line":98,"column":8},"end":{"line":102,"column":11}},"23":{"start":{"line":108,"column":29},"end":{"line":126,"column":3}},"24":{"start":{"line":110,"column":6},"end":{"line":123,"column":7}},"25":{"start":{"line":111,"column":21},"end":{"line":111,"column":35}},"26":{"start":{"line":113,"column":8},"end":{"line":113,"column":49}},"27":{"start":{"line":115,"column":8},"end":{"line":122,"column":11}},"28":{"start":{"line":116,"column":10},"end":{"line":116,"column":36}},"29":{"start":{"line":118,"column":10},"end":{"line":121,"column":13}},"30":{"start":{"line":128,"column":2},"end":{"line":187,"column":4}}},"fnMap":{"0":{"name":"(anonymous_0)","decl":{"start":{"line":25,"column":26},"end":{"line":25,"column":27}},"loc":{"start":{"line":25,"column":32},"end":{"line":188,"column":1}},"line":25},"1":{"name":"(anonymous_1)","decl":{"start":{"line":33,"column":4},"end":{"line":33,"column":5}},"loc":{"start":{"line":33,"column":37},"end":{"line":104,"column":5}},"line":33},"2":{"name":"(anonymous_2)","decl":{"start":{"line":44,"column":16},"end":{"line":44,"column":17}},"loc":{"start":{"line":44,"column":23},"end":{"line":44,"column":35}},"line":44},"3":{"name":"(anonymous_3)","decl":{"start":{"line":50,"column":18},"end":{"line":50,"column":19}},"loc":{"start":{"line":50,"column":25},"end":{"line":50,"column":37}},"line":50},"4":{"name":"(anonymous_4)","decl":{"start":{"line":109,"column":4},"end":{"line":109,"column":5}},"loc":{"start":{"line":109,"column":42},"end":{"line":124,"column":5}},"line":109},"5":{"name":"(anonymous_5)","decl":{"start":{"line":115,"column":46},"end":{"line":115,"column":47}},"loc":{"start":{"line":115,"column":58},"end":{"line":122,"column":9}},"line":115}},"branchMap":{"0":{"loc":{"start":{"line":72,"column":14},"end":{"line":74,"column":16}},"type":"cond-expr","locations":[{"start":{"line":73,"column":14},"end":{"line":73,"column":63}},{"start":{"line":74,"column":14},"end":{"line":74,"column":16}}],"line":72},"1":{"loc":{"start":{"line":90,"column":8},"end":{"line":96,"column":9}},"type":"if","locations":[{"start":{"line":90,"column":8},"end":{"line":96,"column":9}},{"start":{"line":90,"column":8},"end":{"line":96,"column":9}}],"line":90},"2":{"loc":{"start":{"line":110,"column":6},"end":{"line":123,"column":7}},"type":"if","locations":[{"start":{"line":110,"column":6},"end":{"line":123,"column":7}},{"start":{"line":110,"column":6},"end":{"line":123,"column":7}}],"line":110}},"s":{"0":0,"1":0,"2":0,"3":0,"4":0,"5":0,"6":0,"7":0,"8":0,"9":0,"10":0,"11":0,"12":0,"13":0,"14":0,"15":0,"16":0,"17":0,"18":0,"19":0,"20":0,"21":0,"22":0,"23":0,"24":0,"25":0,"26":0,"27":0,"28":0,"29":0,"30":0},"f":{"0":0,"1":0,"2":0,"3":0,"4":0,"5":0},"b":{"0":[0,0],"1":[0,0],"2":[0,0]},"hash":"a4e13f62039990ba98246a53ac7861c1461066d4"}
,"D:\\Development\\Rocketseat\\BootcampGoStack12\\GoBarber\\web\\src\\pages\\ResetPassword\\index.tsx": {"path":"D:\\Development\\Rocketseat\\BootcampGoStack12\\GoBarber\\web\\src\\pages\\ResetPassword\\index.tsx","statementMap":{"0":{"start":{"line":24,"column":32},"end":{"line":112,"column":1}},"1":{"start":{"line":25,"column":18},"end":{"line":25,"column":43}},"2":{"start":{"line":27,"column":23},"end":{"line":27,"column":33}},"3":{"start":{"line":29,"column":18},"end":{"line":29,"column":30}},"4":{"start":{"line":30,"column":19},"end":{"line":30,"column":32}},"5":{"start":{"line":32,"column":23},"end":{"line":80,"column":3}},"6":{"start":{"line":34,"column":6},"end":{"line":77,"column":7}},"7":{"start":{"line":35,"column":8},"end":{"line":35,"column":39}},"8":{"start":{"line":37,"column":23},"end":{"line":43,"column":10}},"9":{"start":{"line":45,"column":8},"end":{"line":47,"column":11}},"10":{"start":{"line":49,"column":52},"end":{"line":49,"column":56}},"11":{"start":{"line":50,"column":22},"end":{"line":50,"column":60}},"12":{"start":{"line":52,"column":8},"end":{"line":54,"column":9}},"13":{"start":{"line":53,"column":10},"end":{"line":53,"column":28}},"14":{"start":{"line":56,"column":8},"end":{"line":60,"column":11}},"15":{"start":{"line":62,"column":8},"end":{"line":62,"column":26}},"16":{"start":{"line":64,"column":8},"end":{"line":69,"column":9}},"17":{"start":{"line":65,"column":25},"end":{"line":65,"column":49}},"18":{"start":{"line":67,"column":10},"end":{"line":67,"column":45}},"19":{"start":{"line":68,"column":10},"end":{"line":68,"column":17}},"20":{"start":{"line":71,"column":8},"end":{"line":76,"column":11}},"21":{"start":{"line":82,"column":2},"end":{"line":111,"column":4}}},"fnMap":{"0":{"name":"(anonymous_0)","decl":{"start":{"line":24,"column":32},"end":{"line":24,"column":33}},"loc":{"start":{"line":24,"column":38},"end":{"line":112,"column":1}},"line":24},"1":{"name":"(anonymous_1)","decl":{"start":{"line":33,"column":4},"end":{"line":33,"column":5}},"loc":{"start":{"line":33,"column":43},"end":{"line":78,"column":5}},"line":33}},"branchMap":{"0":{"loc":{"start":{"line":52,"column":8},"end":{"line":54,"column":9}},"type":"if","locations":[{"start":{"line":52,"column":8},"end":{"line":54,"column":9}},{"start":{"line":52,"column":8},"end":{"line":54,"column":9}}],"line":52},"1":{"loc":{"start":{"line":64,"column":8},"end":{"line":69,"column":9}},"type":"if","locations":[{"start":{"line":64,"column":8},"end":{"line":69,"column":9}},{"start":{"line":64,"column":8},"end":{"line":69,"column":9}}],"line":64}},"s":{"0":0,"1":0,"2":0,"3":0,"4":0,"5":0,"6":0,"7":0,"8":0,"9":0,"10":0,"11":0,"12":0,"13":0,"14":0,"15":0,"16":0,"17":0,"18":0,"19":0,"20":0,"21":0},"f":{"0":0,"1":0},"b":{"0":[0,0],"1":[0,0]},"hash":"2011aa4f85e81106c30fb1242ccb0a4a9ff40836"}
,"D:\\Development\\Rocketseat\\BootcampGoStack12\\GoBarber\\web\\src\\pages\\SignIn\\index.tsx": {"path":"D:\\Development\\Rocketseat\\BootcampGoStack12\\GoBarber\\web\\src\\pages\\SignIn\\index.tsx","statementMap":{"0":{"start":{"line":24,"column":25},"end":{"line":108,"column":1}},"1":{"start":{"line":25,"column":18},"end":{"line":25,"column":43}},"2":{"start":{"line":27,"column":21},"end":{"line":27,"column":30}},"3":{"start":{"line":28,"column":23},"end":{"line":28,"column":33}},"4":{"start":{"line":29,"column":18},"end":{"line":29,"column":30}},"5":{"start":{"line":31,"column":23},"end":{"line":69,"column":3}},"6":{"start":{"line":33,"column":6},"end":{"line":66,"column":7}},"7":{"start":{"line":34,"column":8},"end":{"line":34,"column":39}},"8":{"start":{"line":36,"column":23},"end":{"line":41,"column":10}},"9":{"start":{"line":43,"column":8},"end":{"line":45,"column":11}},"10":{"start":{"line":47,"column":8},"end":{"line":50,"column":11}},"11":{"start":{"line":52,"column":8},"end":{"line":52,"column":35}},"12":{"start":{"line":54,"column":8},"end":{"line":59,"column":9}},"13":{"start":{"line":55,"column":25},"end":{"line":55,"column":49}},"14":{"start":{"line":56,"column":10},"end":{"line":56,"column":45}},"15":{"start":{"line":58,"column":10},"end":{"line":58,"column":17}},"16":{"start":{"line":61,"column":8},"end":{"line":65,"column":11}},"17":{"start":{"line":71,"column":2},"end":{"line":107,"column":4}}},"fnMap":{"0":{"name":"(anonymous_0)","decl":{"start":{"line":24,"column":25},"end":{"line":24,"column":26}},"loc":{"start":{"line":24,"column":31},"end":{"line":108,"column":1}},"line":24},"1":{"name":"(anonymous_1)","decl":{"start":{"line":32,"column":4},"end":{"line":32,"column":5}},"loc":{"start":{"line":32,"column":36},"end":{"line":67,"column":5}},"line":32}},"branchMap":{"0":{"loc":{"start":{"line":54,"column":8},"end":{"line":59,"column":9}},"type":"if","locations":[{"start":{"line":54,"column":8},"end":{"line":59,"column":9}},{"start":{"line":54,"column":8},"end":{"line":59,"column":9}}],"line":54}},"s":{"0":1,"1":3,"2":3,"3":3,"4":3,"5":3,"6":3,"7":3,"8":3,"9":3,"10":2,"11":1,"12":2,"13":1,"14":1,"15":1,"16":1,"17":3},"f":{"0":3,"1":3},"b":{"0":[1,1]},"_coverageSchema":"43e27e138ebf9cfc5966b082cf9a028302ed4184","hash":"1fafc26907671a0d40087ec3d6d945ea5d8558aa"}
,"D:\\Development\\Rocketseat\\BootcampGoStack12\\GoBarber\\web\\src\\pages\\SignUp\\index.tsx": {"path":"D:\\Development\\Rocketseat\\BootcampGoStack12\\GoBarber\\web\\src\\pages\\SignUp\\index.tsx","statementMap":{"0":{"start":{"line":24,"column":25},"end":{"line":102,"column":1}},"1":{"start":{"line":25,"column":18},"end":{"line":25,"column":43}},"2":{"start":{"line":26,"column":23},"end":{"line":26,"column":33}},"3":{"start":{"line":27,"column":18},"end":{"line":27,"column":30}},"4":{"start":{"line":29,"column":23},"end":{"line":63,"column":3}},"5":{"start":{"line":31,"column":6},"end":{"line":60,"column":7}},"6":{"start":{"line":32,"column":8},"end":{"line":32,"column":39}},"7":{"start":{"line":34,"column":23},"end":{"line":40,"column":10}},"8":{"start":{"line":42,"column":8},"end":{"line":44,"column":11}},"9":{"start":{"line":46,"column":8},"end":{"line":46,"column":39}},"10":{"start":{"line":48,"column":8},"end":{"line":48,"column":26}},"11":{"start":{"line":50,"column":8},"end":{"line":54,"column":11}},"12":{"start":{"line":56,"column":8},"end":{"line":59,"column":9}},"13":{"start":{"line":57,"column":25},"end":{"line":57,"column":49}},"14":{"start":{"line":58,"column":10},"end":{"line":58,"column":45}},"15":{"start":{"line":65,"column":2},"end":{"line":101,"column":4}}},"fnMap":{"0":{"name":"(anonymous_0)","decl":{"start":{"line":24,"column":25},"end":{"line":24,"column":26}},"loc":{"start":{"line":24,"column":31},"end":{"line":102,"column":1}},"line":24},"1":{"name":"(anonymous_1)","decl":{"start":{"line":30,"column":4},"end":{"line":30,"column":5}},"loc":{"start":{"line":30,"column":36},"end":{"line":61,"column":5}},"line":30}},"branchMap":{"0":{"loc":{"start":{"line":56,"column":8},"end":{"line":59,"column":9}},"type":"if","locations":[{"start":{"line":56,"column":8},"end":{"line":59,"column":9}},{"start":{"line":56,"column":8},"end":{"line":59,"column":9}}],"line":56}},"s":{"0":1,"1":3,"2":3,"3":3,"4":3,"5":3,"6":3,"7":3,"8":3,"9":2,"10":1,"11":1,"12":2,"13":1,"14":1,"15":3},"f":{"0":3,"1":3},"b":{"0":[1,1]},"_coverageSchema":"43e27e138ebf9cfc5966b082cf9a028302ed4184","hash":"ad05868f59a8d57c22dac00f2d15b1b30e2bc14e"}
}
