TN:
SF:D:\Development\Rocketseat\BootcampGoStack12\GoBarber\web\src\components\Button\index.tsx
FN:8,(anonymous_0)
FNF:1
FNH:1
FNDA:6,(anonymous_0)
DA:8,2
DA:9,6
LF:2
LH:2
BRDA:10,0,0,0
BRDA:10,0,1,6
BRF:2
BRH:1
end_of_record
TN:
SF:D:\Development\Rocketseat\BootcampGoStack12\GoBarber\web\src\components\Input\index.tsx
FN:20,(anonymous_0)
FN:33,(anonymous_1)
FN:37,(anonymous_2)
FN:43,(anonymous_3)
FNF:4
FNH:4
FNDA:40,(anonymous_0)
FNDA:1,(anonymous_1)
FNDA:1,(anonymous_2)
FNDA:20,(anonymous_3)
DA:20,3
DA:26,40
DA:28,40
DA:29,40
DA:31,40
DA:33,40
DA:34,1
DA:37,40
DA:38,1
DA:40,1
DA:43,40
DA:44,20
DA:51,40
LF:13
LH:13
BRDA:59,0,0,40
BRDA:59,0,1,35
BRDA:67,1,0,40
BRDA:67,1,1,2
BRF:4
BRH:4
end_of_record
TN:
SF:D:\Development\Rocketseat\BootcampGoStack12\GoBarber\web\src\components\ToastContainer\index.tsx
FN:13,(anonymous_0)
FN:16,(anonymous_1)
FN:25,(anonymous_2)
FNF:3
FNH:0
FNDA:0,(anonymous_0)
FNDA:0,(anonymous_1)
FNDA:0,(anonymous_2)
DA:13,0
DA:14,0
DA:16,0
DA:23,0
DA:26,0
LF:5
LH:0
BRF:0
BRH:0
end_of_record
TN:
SF:D:\Development\Rocketseat\BootcampGoStack12\GoBarber\web\src\components\ToastContainer\Toast\index.tsx
FN:24,(anonymous_0)
FN:27,(anonymous_1)
FN:28,(anonymous_2)
FN:32,(anonymous_3)
FN:50,(anonymous_4)
FNF:5
FNH:0
FNDA:0,(anonymous_0)
FNDA:0,(anonymous_1)
FNDA:0,(anonymous_2)
FNDA:0,(anonymous_3)
FNDA:0,(anonymous_4)
DA:18,0
DA:24,0
DA:25,0
DA:27,0
DA:28,0
DA:29,0
DA:32,0
DA:33,0
DA:37,0
DA:50,0
LF:10
LH:0
BRDA:43,0,0,0
BRDA:43,0,1,0
BRDA:47,1,0,0
BRDA:47,1,1,0
BRF:4
BRH:0
end_of_record
TN:
SF:D:\Development\Rocketseat\BootcampGoStack12\GoBarber\web\src\components\Tooltip\index.tsx
FN:10,(anonymous_0)
FNF:1
FNH:1
FNDA:2,(anonymous_0)
DA:10,3
DA:11,2
LF:2
LH:2
BRF:0
BRH:0
end_of_record
TN:
SF:D:\Development\Rocketseat\BootcampGoStack12\GoBarber\web\src\hooks\auth.tsx
FN:30,(anonymous_0)
FN:31,(anonymous_1)
FN:44,(anonymous_2)
FN:60,(anonymous_3)
FN:68,(anonymous_4)
FN:88,useAuth
FNF:6
FNH:6
FNDA:7,(anonymous_0)
FNDA:4,(anonymous_1)
FNDA:1,(anonymous_2)
FNDA:1,(anonymous_3)
FNDA:1,(anonymous_4)
FNDA:7,useAuth
DA:28,1
DA:30,1
DA:31,7
DA:32,4
DA:33,4
DA:35,4
DA:36,3
DA:38,3
DA:41,1
DA:44,7
DA:45,1
DA:50,1
DA:52,1
DA:53,1
DA:55,1
DA:57,1
DA:60,7
DA:61,1
DA:62,1
DA:64,1
DA:67,7
DA:69,1
DA:71,1
DA:79,7
DA:89,7
DA:91,7
LF:26
LH:26
BRDA:35,0,0,3
BRDA:35,0,1,1
BRDA:35,1,0,4
BRDA:35,1,1,3
BRF:4
BRH:4
end_of_record
TN:
SF:D:\Development\Rocketseat\BootcampGoStack12\GoBarber\web\src\hooks\toast.tsx
FN:20,(anonymous_0)
FN:23,(anonymous_1)
FN:33,(anonymous_2)
FN:36,(anonymous_3)
FN:37,(anonymous_4)
FN:37,(anonymous_5)
FN:47,useToast
FNF:7
FNH:0
FNDA:0,(anonymous_0)
FNDA:0,(anonymous_1)
FNDA:0,(anonymous_2)
FNDA:0,(anonymous_3)
FNDA:0,(anonymous_4)
FNDA:0,(anonymous_5)
FNDA:0,useToast
DA:18,0
DA:20,0
DA:21,0
DA:23,0
DA:24,0
DA:26,0
DA:33,0
DA:36,0
DA:37,0
DA:39,0
DA:48,0
DA:50,0
DA:51,0
DA:54,0
LF:14
LH:0
BRDA:50,0,0,0
BRDA:50,0,1,0
BRF:2
BRH:0
end_of_record
TN:
SF:D:\Development\Rocketseat\BootcampGoStack12\GoBarber\web\src\pages\Dashboard\index.tsx
FN:41,(anonymous_0)
FN:53,(anonymous_1)
FN:59,(anonymous_2)
FN:63,(anonymous_3)
FN:71,(anonymous_4)
FN:76,(anonymous_5)
FN:85,(anonymous_6)
FN:86,(anonymous_7)
FN:96,(anonymous_8)
FN:98,(anonymous_9)
FN:99,(anonymous_10)
FN:109,(anonymous_11)
FN:115,(anonymous_12)
FN:121,(anonymous_13)
FN:122,(anonymous_14)
FN:127,(anonymous_15)
FN:128,(anonymous_16)
FN:133,(anonymous_17)
FN:134,(anonymous_18)
FN:190,(anonymous_19)
FN:213,(anonymous_20)
FNF:21
FNH:0
FNDA:0,(anonymous_0)
FNDA:0,(anonymous_1)
FNDA:0,(anonymous_2)
FNDA:0,(anonymous_3)
FNDA:0,(anonymous_4)
FNDA:0,(anonymous_5)
FNDA:0,(anonymous_6)
FNDA:0,(anonymous_7)
FNDA:0,(anonymous_8)
FNDA:0,(anonymous_9)
FNDA:0,(anonymous_10)
FNDA:0,(anonymous_11)
FNDA:0,(anonymous_12)
FNDA:0,(anonymous_13)
FNDA:0,(anonymous_14)
FNDA:0,(anonymous_15)
FNDA:0,(anonymous_16)
FNDA:0,(anonymous_17)
FNDA:0,(anonymous_18)
FNDA:0,(anonymous_19)
FNDA:0,(anonymous_20)
DA:41,0
DA:42,0
DA:44,0
DA:45,0
DA:47,0
DA:51,0
DA:53,0
DA:54,0
DA:55,0
DA:59,0
DA:60,0
DA:63,0
DA:64,0
DA:72,0
DA:76,0
DA:77,0
DA:86,0
DA:87,0
DA:92,0
DA:96,0
DA:97,0
DA:98,0
DA:100,0
DA:101,0
DA:103,0
DA:106,0
DA:109,0
DA:110,0
DA:115,0
DA:116,0
DA:121,0
DA:122,0
DA:123,0
DA:127,0
DA:128,0
DA:129,0
DA:133,0
DA:134,0
DA:135,0
DA:139,0
DA:191,0
DA:214,0
LF:42
LH:0
BRDA:54,0,0,0
BRDA:54,0,1,0
BRDA:54,1,0,0
BRDA:54,1,1,0
BRDA:163,2,0,0
BRDA:163,2,1,0
BRDA:167,3,0,0
BRDA:167,3,1,0
BRDA:167,3,2,0
BRDA:186,4,0,0
BRDA:186,4,1,0
BRDA:209,5,0,0
BRDA:209,5,1,0
BRF:13
BRH:0
end_of_record
TN:
SF:D:\Development\Rocketseat\BootcampGoStack12\GoBarber\web\src\pages\ForgotPassword\index.tsx
FN:23,(anonymous_0)
FN:30,(anonymous_1)
FNF:2
FNH:0
FNDA:0,(anonymous_0)
FNDA:0,(anonymous_1)
DA:23,0
DA:24,0
DA:25,0
DA:27,0
DA:29,0
DA:31,0
DA:32,0
DA:34,0
DA:36,0
DA:42,0
DA:46,0
DA:50,0
DA:56,0
DA:57,0
DA:58,0
DA:60,0
DA:63,0
DA:70,0
DA:76,0
LF:19
LH:0
BRDA:56,0,0,0
BRDA:56,0,1,0
BRF:2
BRH:0
end_of_record
TN:
SF:D:\Development\Rocketseat\BootcampGoStack12\GoBarber\web\src\pages\Profile\index.tsx
FN:25,(anonymous_0)
FN:33,(anonymous_1)
FN:44,(anonymous_2)
FN:50,(anonymous_3)
FN:109,(anonymous_4)
FN:115,(anonymous_5)
FNF:6
FNH:0
FNDA:0,(anonymous_0)
FNDA:0,(anonymous_1)
FNDA:0,(anonymous_2)
FNDA:0,(anonymous_3)
FNDA:0,(anonymous_4)
FNDA:0,(anonymous_5)
DA:25,0
DA:26,0
DA:27,0
DA:28,0
DA:30,0
DA:32,0
DA:34,0
DA:35,0
DA:37,0
DA:44,0
DA:50,0
DA:57,0
DA:67,0
DA:69,0
DA:77,0
DA:79,0
DA:81,0
DA:83,0
DA:90,0
DA:91,0
DA:93,0
DA:95,0
DA:98,0
DA:108,0
DA:110,0
DA:111,0
DA:113,0
DA:115,0
DA:116,0
DA:118,0
DA:128,0
LF:31
LH:0
BRDA:72,0,0,0
BRDA:72,0,1,0
BRDA:90,1,0,0
BRDA:90,1,1,0
BRDA:110,2,0,0
BRDA:110,2,1,0
BRF:6
BRH:0
end_of_record
TN:
SF:D:\Development\Rocketseat\BootcampGoStack12\GoBarber\web\src\pages\ResetPassword\index.tsx
FN:24,(anonymous_0)
FN:33,(anonymous_1)
FNF:2
FNH:0
FNDA:0,(anonymous_0)
FNDA:0,(anonymous_1)
DA:24,0
DA:25,0
DA:27,0
DA:29,0
DA:30,0
DA:32,0
DA:34,0
DA:35,0
DA:37,0
DA:45,0
DA:49,0
DA:50,0
DA:52,0
DA:53,0
DA:56,0
DA:62,0
DA:64,0
DA:65,0
DA:67,0
DA:68,0
DA:71,0
DA:82,0
LF:22
LH:0
BRDA:52,0,0,0
BRDA:52,0,1,0
BRDA:64,1,0,0
BRDA:64,1,1,0
BRF:4
BRH:0
end_of_record
TN:
SF:D:\Development\Rocketseat\BootcampGoStack12\GoBarber\web\src\pages\SignIn\index.tsx
FN:24,(anonymous_0)
FN:32,(anonymous_1)
FNF:2
FNH:2
FNDA:3,(anonymous_0)
FNDA:3,(anonymous_1)
DA:24,1
DA:25,3
DA:27,3
DA:28,3
DA:29,3
DA:31,3
DA:33,3
DA:34,3
DA:36,3
DA:43,3
DA:47,2
DA:52,1
DA:54,2
DA:55,1
DA:56,1
DA:58,1
DA:61,1
DA:71,3
LF:18
LH:18
BRDA:54,0,0,1
BRDA:54,0,1,1
BRF:2
BRH:2
end_of_record
TN:
SF:D:\Development\Rocketseat\BootcampGoStack12\GoBarber\web\src\pages\SignUp\index.tsx
FN:24,(anonymous_0)
FN:30,(anonymous_1)
FNF:2
FNH:2
FNDA:3,(anonymous_0)
FNDA:3,(anonymous_1)
DA:24,1
DA:25,3
DA:26,3
DA:27,3
DA:29,3
DA:31,3
DA:32,3
DA:34,3
DA:42,3
DA:46,2
DA:48,1
DA:50,1
DA:56,2
DA:57,1
DA:58,1
DA:65,3
LF:16
LH:16
BRDA:56,0,0,1
BRDA:56,0,1,1
BRF:2
BRH:2
end_of_record
